<?xml version="1.0" encoding="UTF-8"?>
<testsuites name="Mocha Tests" time="0.003" tests="3" failures="0">
  <testsuite name="Root Suite" timestamp="2025-06-07T20:43:57" tests="0" time="0.000" failures="0">
  </testsuite>
  <testsuite name="Testes do Projeto" timestamp="2025-06-07T20:43:57" tests="3" file="C:\Users\julci\OneDrive\Documents\pgats-programacao-js\testes\01-testes.js" time="0.002" failures="0">
    <testcase name="Testes do Projeto deve exibir o nome do dog com letras maiúsculas" time="0.000" classname="deve exibir o nome do dog com letras maiúsculas">
    </testcase>
    <testcase name="Testes do Projeto primeiro teste" time="0.000" classname="primeiro teste">
    </testcase>
    <testcase name="Testes do Projeto segundo teste" time="0.000" classname="segundo teste">
    </testcase>
  </testsuite>
</testsuites>